<?xml version="1.0" encoding="UTF-8"?>
<!-- Generated by org.testng.reporters.JUnitXMLReporter -->
<testsuite ignored="0" hostname="DESKTOP-PHLKVQ5" failures="0" tests="3" name="Test" time="110.287" errors="0" timestamp="2023-06-12T11:36:55 IST">
  <testcase classname="reports.Tests" name="@BeforeClass setup" time="109.609">
    <failure type="java.lang.NullPointerException" message="Cannot invoke &amp;quot;org.openqa.selenium.WebDriver.get(String)&amp;quot; because &amp;quot;this.driver&amp;quot; is null">
      <![CDATA[java.lang.NullPointerException: Cannot invoke "org.openqa.selenium.WebDriver.get(String)" because "this.driver" is null
at reports.Tests.setup(Tests.java:32)
at java.base/java.util.ArrayList.forEach(ArrayList.java:1511)
... Removed 28 stack frames]]>
    </failure>
  </testcase> <!-- @BeforeClass setup -->
  <testcase classname="reports.Tests" name="@AfterClass tearDown" time="0.0">
    <skipped/>
  </testcase> <!-- @AfterClass tearDown -->
  <testcase classname="reports.Tests" name="logoPresence" time="0.0">
    <skipped/>
  </testcase> <!-- logoPresence -->
  <testcase classname="reports.Tests" name="loginTest" time="0.0">
    <skipped/>
  </testcase> <!-- loginTest -->
  <testcase classname="reports.Tests" name="registrationTest" time="0.0">
    <skipped/>
  </testcase> <!-- registrationTest -->
</testsuite> <!-- Test -->
