<?xml version="1.0" encoding="UTF-8"?>
<testsuite xmlns:xsi="http://www.w3.org/2001/XMLSchema-instance" xsi:noNamespaceSchemaLocation="https://maven.apache.org/surefire/maven-surefire-plugin/xsd/surefire-test-report.xsd" name="TestSuite" time="114.153" tests="5" errors="0" skipped="4" failures="1">
  <properties>
[...]
</properties>
  <testcase name="setup" classname="reports.Tests" time="113.644">
    <failure message="Cannot invoke &quot;org.openqa.selenium.WebDriver.get(String)&quot; because &quot;this.driver&quot; is null" type="java.lang.NullPointerException">java.lang.NullPointerException: Cannot invoke "org.openqa.selenium.WebDriver.get(String)" because "this.driver" is null
	at reports.Tests.setup(Tests.java:32)
</failure>
    <system-out><![CDATA[I am in OnStart method Test
]]></system-out>
    <system-err><![CDATA[SLF4J: Failed to load class "org.slf4j.impl.StaticLoggerBinder".
SLF4J: Defaulting to no-operation (NOP) logger implementation
SLF4J: See http://www.slf4j.org/codes.html#StaticLoggerBinder for further details.
1686549992291	geckodriver	INFO	Listening on 127.0.0.1:18470
1686549993398	mozrunner::runner	INFO	Running command: "C:\\Program Files\\Mozilla Firefox\\firefox.exe" "--marionette" "-no-remote" "-profile" "C:\\Users\\ASIFHU~1\\AppData\\Local\\Temp\\rust_mozprofileJhn9Qf"
console.warn: services.settings: Ignoring preference override of remote settings server
console.warn: services.settings: Allow by setting MOZ_REMOTE_SETTINGS_DEVTOOLS=1 in the environment
1686549999408	Marionette	INFO	Marionette enabled
Dynamically enable window occlusion 0
1686549999492	Marionette	INFO	Listening on port 52762
Read port: 52762
Read port: 52762
Read port: 52762
1686550002640	RemoteAgent	WARN	TLS certificate errors will be ignored for this session
[ERROR glean_core] Error setting metrics feature config: Json(Error("EOF while parsing a value", line: 1, column: 0))
Jun 12, 2023 11:36:54 AM org.openqa.selenium.remote.ProtocolHandshake createSession
INFO: Detected dialect: W3C
]]></system-err>
  </testcase>
  <testcase name="logoPresence" classname="reports.Tests" time="0">
    <skipped message="Cannot invoke &quot;org.openqa.selenium.WebDriver.get(String)&quot; because &quot;this.driver&quot; is null"/>
    <system-out><![CDATA[I am in OnTestStart method logoPresence start
]]></system-out>
  </testcase>
  <testcase name="loginTest" classname="reports.Tests" time="0">
    <skipped message="Cannot invoke &quot;org.openqa.selenium.WebDriver.get(String)&quot; because &quot;this.driver&quot; is null"/>
    <system-out><![CDATA[I am in onTestSkipped method logoPresenceSkipped
I am in OnTestStart method loginTest start
]]></system-out>
  </testcase>
  <testcase name="registrationTest" classname="reports.Tests" time="0">
    <skipped message="Cannot invoke &quot;org.openqa.selenium.WebDriver.get(String)&quot; because &quot;this.driver&quot; is null"/>
    <system-out><![CDATA[I am in onTestSkipped method loginTestSkipped
I am in OnTestStart method registrationTest start
]]></system-out>
  </testcase>
  <testcase name="tearDown" classname="reports.Tests" time="0">
    <skipped/>
    <system-out><![CDATA[I am in onTestSkipped method registrationTestSkipped
]]></system-out>
  </testcase>
</testsuite>