<?xml version="1.0" encoding="UTF-8"?>
<testsuite xmlns:xsi="http://www.w3.org/2001/XMLSchema-instance" xsi:noNamespaceSchemaLocation="https://maven.apache.org/surefire/maven-surefire-plugin/xsd/surefire-test-report.xsd" name="reports.Tests" time="18.536" tests="3" errors="0" skipped="1" failures="1">
  <properties>
[...]
</properties>
  <testcase name="logoPresence" classname="reports.Tests" time="0.571"/>
  <testcase name="loginTest" classname="reports.Tests" time="2.79">
    <failure message="expected [nopCommerce demo store Login] but found [nopCommerce demo store. Login]" type="java.lang.AssertionError">java.lang.AssertionError: expected [nopCommerce demo store Login] but found [nopCommerce demo store. Login]
	at reports.Tests.loginTest(Tests.java:63)
</failure>
    <system-out><![CDATA[I am in onTestSuccess method logoPresence Succeed
I am in OnTestStart method loginTest start
]]></system-out>
  </testcase>
  <testcase name="registrationTest" classname="reports.Tests" time="0">
    <skipped message="Skipping this Test"/>
    <system-out><![CDATA[I am in onTestFailure method loginTest Failed
Screenshot capture for test case:loginTest
I am in OnTestStart method registrationTest start
]]></system-out>
  </testcase>
</testsuite>